<?xml version="1.0" encoding="UTF-8"?>
<!-- Generated by org.testng.reporters.JUnitXMLReporter -->
<testsuite ignored="0" hostname="Dhairya" failures="0" tests="5" name="Test" time="42.806" errors="0" timestamp="2024-02-28T14:54:44 IST">
  <testcase classname="com.mysauce.testcases.TClogin" name="verifyvalidlogintest" time="15.531"/>
  <testcase classname="com.mysauce.testcases.TClogin" name="verifylockedoutusertest" time="0.805"/>
  <testcase classname="com.mysauce.testcases.TClogin" name="verifyinvalidcredentailtest" time="0.535"/>
  <testcase classname="com.mysauce.testcases.TClogin" name="verifyusernamerequiredtest" time="0.24"/>
  <testcase classname="com.mysauce.testcases.TClogin" name="verifypasswordrequiredtest" time="0.45"/>
</testsuite> <!-- Test -->
