<?xml version="1.0" encoding="UTF-8"?>
<!-- Generated by org.testng.reporters.JUnitXMLReporter -->
<testsuite ignored="0" hostname="Dhairya" failures="0" tests="5" name="Test" time="146.25" errors="0" timestamp="2024-03-11T16:29:41 IST">
  <testcase classname="com.mysauce.testcases.TClogin" name="verifyvalidlogintest" time="85.945"/>
  <testcase classname="com.mysauce.testcases.TClogin" name="verifylockedoutusertest" time="4.062"/>
  <testcase classname="com.mysauce.testcases.TClogin" name="verifyinvalidcredentailtest" time="3.156"/>
  <testcase classname="com.mysauce.testcases.TClogin" name="verifyusernamerequiredtest" time="0.298"/>
  <testcase classname="com.mysauce.testcases.TClogin" name="verifypasswordrequiredtest" time="0.536"/>
</testsuite> <!-- Test -->
