<?xml version="1.0" encoding="UTF-8"?>
<!-- Generated by org.testng.reporters.JUnitXMLReporter -->
<testsuite ignored="0" hostname="Dhairya" failures="0" tests="5" name="Demotest" time="60.294" errors="0" timestamp="2024-03-13T09:58:24 IST">
  <testcase classname="com.mysauce.testcases.TClogin" name="verifyvalidlogintest" time="11.095"/>
  <testcase classname="com.mysauce.testcases.TClogin" name="verifylockedoutusertest" time="0.902"/>
  <testcase classname="com.mysauce.testcases.TClogin" name="verifyinvalidcredentailtest" time="0.49"/>
  <testcase classname="com.mysauce.testcases.TClogin" name="verifyusernamerequiredtest" time="0.236"/>
  <testcase classname="com.mysauce.testcases.TClogin" name="verifypasswordrequiredtest" time="0.343"/>
</testsuite> <!-- Demotest -->
