<?xml version="1.0" encoding="UTF-8"?>
<!-- Generated by org.testng.reporters.JUnitXMLReporter -->
<testsuite ignored="0" hostname="Dhairya" failures="0" tests="5" name="Chrometest" time="34.411" errors="0" timestamp="2024-03-15T17:41:08 IST">
  <testcase classname="com.mysauce.testcases.TClogin" name="verifyvalidlogintest" time="21.303"/>
  <testcase classname="com.mysauce.testcases.TClogin" name="verifylockedoutusertest" time="1.713"/>
  <testcase classname="com.mysauce.testcases.TClogin" name="verifyinvalidcredentailtest" time="0.636"/>
  <testcase classname="com.mysauce.testcases.TClogin" name="verifyusernamerequiredtest" time="0.401"/>
  <testcase classname="com.mysauce.testcases.TClogin" name="verifypasswordrequiredtest" time="0.583"/>
</testsuite> <!-- Chrometest -->
