<?xml version="1.0" encoding="UTF-8"?>
<!-- Generated by org.testng.reporters.JUnitXMLReporter -->
<testsuite ignored="0" hostname="Dhairya" failures="0" tests="5" name="Chrometest" time="52.668" errors="0" timestamp="2024-03-13T15:00:54 IST">
  <testcase classname="com.mysauce.testcases.TClogin" name="verifyvalidlogintest" time="32.215"/>
  <testcase classname="com.mysauce.testcases.TClogin" name="verifylockedoutusertest" time="5.567"/>
  <testcase classname="com.mysauce.testcases.TClogin" name="verifyinvalidcredentailtest" time="1.155"/>
  <testcase classname="com.mysauce.testcases.TClogin" name="verifyusernamerequiredtest" time="0.647"/>
  <testcase classname="com.mysauce.testcases.TClogin" name="verifypasswordrequiredtest" time="0.347"/>
</testsuite> <!-- Chrometest -->
