<?xml version="1.0" encoding="UTF-8"?>
<!-- Generated by org.testng.reporters.JUnitXMLReporter -->
<testsuite ignored="0" hostname="Dhairya" failures="0" tests="5" name="Edgetest" time="0.245" errors="0" timestamp="2024-03-13T13:47:08 IST">
  <testcase classname="com.mysauce.testcases.BaseClass" name="@BeforeClass setup" time="0.028">
    <failure type="java.lang.NullPointerException" message="Cannot invoke &amp;quot;org.openqa.selenium.WebDriver.manage()&amp;quot; because &amp;quot;com.mysauce.testcases.BaseClass.driver&amp;quot; is null">
      <![CDATA[java.lang.NullPointerException: Cannot invoke "org.openqa.selenium.WebDriver.manage()" because "com.mysauce.testcases.BaseClass.driver" is null
at com.mysauce.testcases.BaseClass.setup(BaseClass.java:43)
at java.base/java.util.ArrayList.forEach(ArrayList.java:1596)
... Removed 23 stack frames]]>
    </failure>
  </testcase> <!-- @BeforeClass setup -->
  <testcase classname="com.mysauce.testcases.BaseClass" name="@AfterClass tearDown" time="0.0">
    <skipped/>
  </testcase> <!-- @AfterClass tearDown -->
  <testcase classname="com.mysauce.testcases.TClogin" name="verifyvalidlogintest" time="0.001">
    <skipped/>
  </testcase> <!-- verifyvalidlogintest -->
  <testcase classname="com.mysauce.testcases.TClogin" name="verifylockedoutusertest" time="0.0">
    <skipped/>
  </testcase> <!-- verifylockedoutusertest -->
  <testcase classname="com.mysauce.testcases.TClogin" name="verifyinvalidcredentailtest" time="0.0">
    <skipped/>
  </testcase> <!-- verifyinvalidcredentailtest -->
  <testcase classname="com.mysauce.testcases.TClogin" name="verifyusernamerequiredtest" time="0.0">
    <skipped/>
  </testcase> <!-- verifyusernamerequiredtest -->
  <testcase classname="com.mysauce.testcases.TClogin" name="verifypasswordrequiredtest" time="0.001">
    <skipped/>
  </testcase> <!-- verifypasswordrequiredtest -->
</testsuite> <!-- Edgetest -->
