<?xml version="1.0" encoding="UTF-8"?>
<!-- Generated by org.testng.reporters.JUnitXMLReporter -->
<testsuite ignored="0" hostname="Dhairya" failures="0" tests="5" name="Firefoxtest" time="82.498" errors="0" timestamp="2024-03-13T14:02:20 IST">
  <testcase classname="com.mysauce.testcases.TClogin" name="verifyvalidlogintest" time="41.718"/>
  <testcase classname="com.mysauce.testcases.TClogin" name="verifylockedoutusertest" time="0.617"/>
  <testcase classname="com.mysauce.testcases.TClogin" name="verifyinvalidcredentailtest" time="0.493"/>
  <testcase classname="com.mysauce.testcases.TClogin" name="verifyusernamerequiredtest" time="0.23"/>
  <testcase classname="com.mysauce.testcases.TClogin" name="verifypasswordrequiredtest" time="0.36"/>
</testsuite> <!-- Firefoxtest -->
