<?xml version="1.0" encoding="UTF-8"?>
<!-- Generated by org.testng.reporters.JUnitXMLReporter -->
<testsuite ignored="0" hostname="Dhairya" failures="0" tests="5" name="Operatest" time="1.352" errors="0" timestamp="2024-03-13T11:21:43 IST">
  <testcase classname="com.mysauce.testcases.TClogin" name="verifyvalidlogintest" time="0.0">
    <skipped/>
  </testcase> <!-- verifyvalidlogintest -->
  <testcase classname="com.mysauce.testcases.TClogin" name="verifylockedoutusertest" time="0.0">
    <skipped/>
  </testcase> <!-- verifylockedoutusertest -->
  <testcase classname="com.mysauce.testcases.TClogin" name="verifyinvalidcredentailtest" time="0.0">
    <skipped/>
  </testcase> <!-- verifyinvalidcredentailtest -->
  <testcase classname="com.mysauce.testcases.TClogin" name="verifyusernamerequiredtest" time="0.0">
    <skipped/>
  </testcase> <!-- verifyusernamerequiredtest -->
  <testcase classname="com.mysauce.testcases.TClogin" name="verifypasswordrequiredtest" time="0.0">
    <skipped/>
  </testcase> <!-- verifypasswordrequiredtest -->
</testsuite> <!-- Operatest -->
