<?xml version="1.0" encoding="UTF-8"?>
<testng-results ignored="0" total="5" passed="5" failed="0" skipped="0">
  <reporter-output>
  </reporter-output>
  <suite started-at="2024-02-28T14:54:00 IST" name="Login Test cases" finished-at="2024-02-28T14:54:43 IST" duration-ms="42806">
    <groups>
    </groups>
    <test started-at="2024-02-28T14:54:00 IST" name="Test" finished-at="2024-02-28T14:54:43 IST" duration-ms="42806">
      <class name="com.mysauce.testcases.TClogin">
        <test-method is-config="true" signature="setup()[pri:0, instance:com.mysauce.testcases.TClogin@44c03695]" started-at="2024-02-28T14:54:00 IST" name="setup" finished-at="2024-02-28T14:54:24 IST" duration-ms="23597" status="PASS">
          <reporter-output>
          </reporter-output>
        </test-method> <!-- setup -->
        <test-method signature="verifyvalidlogintest()[pri:1, instance:com.mysauce.testcases.TClogin@44c03695]" started-at="2024-02-28T14:54:24 IST" name="verifyvalidlogintest" finished-at="2024-02-28T14:54:40 IST" duration-ms="15531" status="PASS">
          <reporter-output>
          </reporter-output>
        </test-method> <!-- verifyvalidlogintest -->
        <test-method signature="verifylockedoutusertest()[pri:2, instance:com.mysauce.testcases.TClogin@44c03695]" started-at="2024-02-28T14:54:40 IST" name="verifylockedoutusertest" finished-at="2024-02-28T14:54:40 IST" duration-ms="805" status="PASS">
          <reporter-output>
          </reporter-output>
        </test-method> <!-- verifylockedoutusertest -->
        <test-method signature="verifyinvalidcredentailtest()[pri:3, instance:com.mysauce.testcases.TClogin@44c03695]" started-at="2024-02-28T14:54:40 IST" name="verifyinvalidcredentailtest" finished-at="2024-02-28T14:54:41 IST" duration-ms="535" status="PASS">
          <reporter-output>
          </reporter-output>
        </test-method> <!-- verifyinvalidcredentailtest -->
        <test-method signature="verifyusernamerequiredtest()[pri:4, instance:com.mysauce.testcases.TClogin@44c03695]" started-at="2024-02-28T14:54:41 IST" name="verifyusernamerequiredtest" finished-at="2024-02-28T14:54:41 IST" duration-ms="240" status="PASS">
          <reporter-output>
          </reporter-output>
        </test-method> <!-- verifyusernamerequiredtest -->
        <test-method signature="verifypasswordrequiredtest()[pri:5, instance:com.mysauce.testcases.TClogin@44c03695]" started-at="2024-02-28T14:54:41 IST" name="verifypasswordrequiredtest" finished-at="2024-02-28T14:54:42 IST" duration-ms="450" status="PASS">
          <reporter-output>
          </reporter-output>
        </test-method> <!-- verifypasswordrequiredtest -->
        <test-method is-config="true" signature="tearDown()[pri:0, instance:com.mysauce.testcases.TClogin@44c03695]" started-at="2024-02-28T14:54:42 IST" name="tearDown" finished-at="2024-02-28T14:54:43 IST" duration-ms="1503" status="PASS">
          <reporter-output>
          </reporter-output>
        </test-method> <!-- tearDown -->
      </class> <!-- com.mysauce.testcases.TClogin -->
    </test> <!-- Test -->
  </suite> <!-- Login Test cases -->
</testng-results>
