<?xml version="1.0" encoding="UTF-8"?>
<testng-results ignored="0" total="5" passed="5" failed="0" skipped="0">
  <reporter-output>
  </reporter-output>
  <suite started-at="2024-03-13T15:00:01 IST" name="Suite list" finished-at="2024-03-13T15:00:54 IST" duration-ms="52668">
    <groups>
    </groups>
    <test started-at="2024-03-13T15:00:01 IST" name="Chrometest" finished-at="2024-03-13T15:00:54 IST" duration-ms="52668">
      <class name="com.mysauce.testcases.TClogin">
        <test-method is-config="true" signature="setup()[pri:0, instance:com.mysauce.testcases.TClogin@3fc2959f]" started-at="2024-03-13T15:00:01 IST" name="setup" finished-at="2024-03-13T15:00:10 IST" duration-ms="8718" status="PASS">
          <reporter-output>
          </reporter-output>
        </test-method> <!-- setup -->
        <test-method signature="verifyvalidlogintest()[pri:1, instance:com.mysauce.testcases.TClogin@3fc2959f]" started-at="2024-03-13T15:00:10 IST" name="verifyvalidlogintest" finished-at="2024-03-13T15:00:42 IST" duration-ms="32215" status="PASS">
          <reporter-output>
          </reporter-output>
        </test-method> <!-- verifyvalidlogintest -->
        <test-method signature="verifylockedoutusertest()[pri:2, instance:com.mysauce.testcases.TClogin@3fc2959f]" started-at="2024-03-13T15:00:42 IST" name="verifylockedoutusertest" finished-at="2024-03-13T15:00:48 IST" duration-ms="5567" status="PASS">
          <reporter-output>
          </reporter-output>
        </test-method> <!-- verifylockedoutusertest -->
        <test-method signature="verifyinvalidcredentailtest()[pri:3, instance:com.mysauce.testcases.TClogin@3fc2959f]" started-at="2024-03-13T15:00:48 IST" name="verifyinvalidcredentailtest" finished-at="2024-03-13T15:00:49 IST" duration-ms="1155" status="PASS">
          <reporter-output>
          </reporter-output>
        </test-method> <!-- verifyinvalidcredentailtest -->
        <test-method signature="verifyusernamerequiredtest()[pri:4, instance:com.mysauce.testcases.TClogin@3fc2959f]" started-at="2024-03-13T15:00:49 IST" name="verifyusernamerequiredtest" finished-at="2024-03-13T15:00:49 IST" duration-ms="647" status="PASS">
          <reporter-output>
          </reporter-output>
        </test-method> <!-- verifyusernamerequiredtest -->
        <test-method signature="verifypasswordrequiredtest()[pri:5, instance:com.mysauce.testcases.TClogin@3fc2959f]" started-at="2024-03-13T15:00:49 IST" name="verifypasswordrequiredtest" finished-at="2024-03-13T15:00:50 IST" duration-ms="347" status="PASS">
          <reporter-output>
          </reporter-output>
        </test-method> <!-- verifypasswordrequiredtest -->
        <test-method is-config="true" signature="tearDown()[pri:0, instance:com.mysauce.testcases.TClogin@3fc2959f]" started-at="2024-03-13T15:00:50 IST" name="tearDown" finished-at="2024-03-13T15:00:54 IST" duration-ms="3899" status="PASS">
          <reporter-output>
          </reporter-output>
        </test-method> <!-- tearDown -->
      </class> <!-- com.mysauce.testcases.TClogin -->
    </test> <!-- Chrometest -->
  </suite> <!-- Suite list -->
</testng-results>
